{"message":"404 - ::1 - GET - /","level":"warn"}
{"message":"404 - ::1 - GET - /favicon.ico","level":"warn"}
{"message":"404 - ::1 - POST - /admin/cases/undefined","level":"warn"}
{"message":"404 - ::1 - POST - /admin/cases/undefined","level":"warn"}
{"message":"404 - ::1 - POST - /admin/cases/undefined","level":"warn"}
{"message":"404 - ::1 - POST - /admin/cases/undefined","level":"warn"}
{"message":"404 - ::1 - POST - /admin/cases/undefined","level":"warn"}
{"message":"404 - ::1 - POST - /admin/cases/undefined","level":"warn"}
{"message":"404 - ::1 - POST - /admin/cases/undefined","level":"warn"}
{"message":"404 - ::1 - POST - /admin/cases/undefined","level":"warn"}
{"message":"404 - ::1 - POST - /admin/cases/undefined","level":"warn"}
{"message":"404 - ::1 - POST - /admin/cases/undefined","level":"warn"}
{"message":"404 - ::1 - POST - /admin/cases/undefined","level":"warn"}
{"message":"404 - ::1 - POST - /admin/cases/undefined","level":"warn"}
{"message":"404 - ::1 - POST - /admin/cases/undefined","level":"warn"}
{"message":"404 - ::1 - POST - /admin/cases/undefined","level":"warn"}
{"message":"404 - ::1 - POST - /admin/cases/undefined","level":"warn"}
{"message":"404 - ::1 - POST - /admin/cases/undefined","level":"warn"}
{"message":"404 - ::1 - POST - /admin/cases/undefined","level":"warn"}
{"message":"404 - ::1 - POST - /admin/cases/undefined","level":"warn"}
{"message":"404 - ::1 - POST - /admin/cases/undefined","level":"warn"}
{"message":"404 - ::1 - POST - /admin/cases/undefined","level":"warn"}
{"message":"404 - ::1 - POST - /admin/cases/undefined","level":"warn"}
{"message":"404 - ::1 - POST - /admin/cases/undefined","level":"warn"}
{"message":"404 - ::1 - POST - /admin/cases/undefined","level":"warn"}
{"message":"404 - ::1 - POST - /admin/cases/undefined","level":"warn"}
{"message":"404 - ::1 - POST - /admin/cases/undefined","level":"warn"}
{"message":"404 - ::1 - POST - /admin/cases/undefined","level":"warn"}
{"message":"404 - ::1 - POST - /admin/cases/undefined","level":"warn"}
{"message":"404 - ::1 - POST - /admin/cases/undefined","level":"warn"}
{"message":"404 - ::1 - POST - /admin/cases/undefined","level":"warn"}
{"message":"404 - ::1 - POST - /admin/cases/undefined","level":"warn"}
{"message":"404 - ::1 - POST - /admin/cases/undefined","level":"warn"}
{"message":"404 - ::1 - POST - /admin/cases/undefined","level":"warn"}
{"message":"404 - ::1 - POST - /admin/cases/undefined","level":"warn"}
{"message":"404 - ::1 - POST - /admin/cases/undefined","level":"warn"}
{"message":"404 - ::1 - POST - /admin/cases/undefined","level":"warn"}
{"message":"404 - ::1 - POST - /admin/cases/undefined","level":"warn"}
{"message":"404 - ::1 - POST - /admin/cases/undefined","level":"warn"}
{"message":"404 - ::1 - POST - /admin/cases/undefined","level":"warn"}
{"message":"404 - ::1 - POST - /admin/cases/undefined","level":"warn"}
{"message":"404 - ::1 - POST - /admin/cases/undefined","level":"warn"}
{"message":"404 - ::1 - POST - /admin/cases/undefined","level":"warn"}
{"message":"404 - ::1 - POST - /admin/cases/undefined","level":"warn"}
{"message":"404 - ::1 - POST - /admin/cases/undefined","level":"warn"}
{"message":"404 - ::1 - POST - /admin/case","level":"warn"}
{"message":"404 - ::1 - POST - /admin/case","level":"warn"}
{"message":"404 - ::1 - POST - /admin/case","level":"warn"}
{"message":"404 - ::1 - POST - /admin/case","level":"warn"}
{"message":"404 - ::1 - POST - /admin/case","level":"warn"}
{"message":"404 - ::1 - GET - /admin/case/16","level":"warn"}
{"message":"404 - ::1 - GET - /admin/case/16","level":"warn"}
{"message":"404 - ::1 - GET - /admin/case/16","level":"warn"}
{"message":"404 - ::1 - GET - /admin/case/16","level":"warn"}
{"message":"404 - ::1 - GET - /admin/case/18","level":"warn"}
{"message":"404 - ::1 - GET - /admin/case/18","level":"warn"}
{"message":"404 - ::1 - GET - /admin/case/18","level":"warn"}
{"message":"404 - ::1 - GET - /admin/case/18","level":"warn"}
{"message":"404 - ::1 - GET - /admin/case/18","level":"warn"}
{"message":"404 - ::1 - GET - /admin/case/18","level":"warn"}
{"message":"404 - ::1 - GET - /admin/case/18","level":"warn"}
{"message":"404 - ::1 - GET - /admin/case/18","level":"warn"}
{"message":"404 - ::1 - GET - /admin/case/18","level":"warn"}
{"message":"404 - ::1 - GET - /admin/case/18","level":"warn"}
{"message":"404 - ::1 - GET - /admin/case/18","level":"warn"}
{"message":"404 - ::1 - GET - /admin/case/18","level":"warn"}
{"message":"404 - ::1 - GET - /admin/case/18","level":"warn"}
{"message":"404 - ::1 - GET - /admin/case/18","level":"warn"}
{"message":"404 - ::1 - GET - /admin/case/18","level":"warn"}
{"message":"404 - ::1 - GET - /admin/case/18","level":"warn"}
{"message":"404 - ::1 - GET - /admin/case/18","level":"warn"}
{"message":"404 - ::1 - GET - /admin/case/18","level":"warn"}
{"message":"404 - ::1 - GET - /admin/case/18","level":"warn"}
{"message":"404 - ::1 - GET - /admin/case/18","level":"warn"}
{"message":"404 - ::1 - GET - /admin/case/18","level":"warn"}
{"message":"404 - ::1 - GET - /admin/case/18","level":"warn"}
{"message":"404 - ::1 - GET - /admin/case/18","level":"warn"}
{"message":"404 - ::1 - GET - /admin/case/18","level":"warn"}
{"message":"404 - ::1 - GET - /admin/case/18","level":"warn"}
{"message":"404 - ::1 - GET - /admin/case/18","level":"warn"}
{"message":"404 - ::1 - GET - /admin/case/18","level":"warn"}
{"message":"404 - ::1 - GET - /admin/case/18","level":"warn"}
{"message":"404 - ::1 - GET - /admin/case/18","level":"warn"}
{"message":"404 - ::1 - GET - /admin/case/18","level":"warn"}
{"message":"404 - ::1 - GET - /admin/case/18","level":"warn"}
{"message":"404 - ::1 - GET - /admin/case/18","level":"warn"}
{"message":"404 - ::1 - GET - /favicon.ico","level":"warn"}
{"message":"404 - ::1 - GET - /admin/product","level":"warn"}
{"message":"404 - ::1 - GET - /admin/cart/2","level":"warn"}
{"message":"404 - ::1 - GET - /admin/cart/1","level":"warn"}
{"message":"404 - ::1 - GET - /admin/cart/1","level":"warn"}
{"message":"404 - ::1 - GET - /admin/cart/1","level":"warn"}
{"message":"404 - ::1 - GET - /admin/cart/1?cartId=1","level":"warn"}
{"message":"404 - ::1 - GET - /admin/cart?cartId=1","level":"warn"}
{"message":"404 - ::1 - GET - /admin/cart?cartId=1","level":"warn"}
{"message":"404 - ::1 - GET - /admin/cart?cartId=1","level":"warn"}
{"message":"404 - ::1 - GET - /admin/cart?cartId=1","level":"warn"}
{"message":"404 - ::1 - GET - /admin/cart?cartId=1","level":"warn"}
{"message":"404 - ::1 - GET - /admin/cart?cartId=1","level":"warn"}
{"message":"404 - ::1 - GET - /admin/cart?cartId=1","level":"warn"}
{"message":"404 - ::1 - GET - /admin/cart?cartId=1","level":"warn"}
{"message":"404 - ::1 - GET - /admin/cart?cartId=1","level":"warn"}
{"message":"404 - ::1 - GET - /admin/cart/?cartId=1","level":"warn"}
{"message":"404 - ::1 - GET - /admin/cart/1","level":"warn"}
{"message":"404 - ::1 - GET - /admin/cart/1","level":"warn"}
{"message":"404 - ::1 - GET - /admin/cart","level":"warn"}
{"message":"404 - ::1 - GET - /admin/cart/","level":"warn"}
{"message":"404 - ::1 - GET - /admin/order","level":"warn"}
{"message":"404 - ::1 - GET - /admin/product","level":"warn"}
{"message":"404 - ::1 - GET - /admin/product","level":"warn"}
{"message":"404 - ::1 - OPTIONS - /public/brand/localhost/search","level":"warn"}
{"message":"404 - ::1 - GET - /public/brand/localhost/search","level":"warn"}
{"message":"404 - ::1 - GET - /public/brand/localhost/search","level":"warn"}
{"message":"404 - ::1 - GET - /public/brand/localhost/search","level":"warn"}
{"message":"404 - ::1 - GET - /public/brand/localhost/search","level":"warn"}
{"message":"404 - ::1 - GET - /public/brand/localhost/search","level":"warn"}
{"message":"404 - ::1 - GET - /public/brand/localhost/search","level":"warn"}
{"message":"404 - ::1 - GET - /public/brand/localhost/search","level":"warn"}
{"message":"404 - ::1 - GET - /public/brand/localhost/search","level":"warn"}
{"message":"404 - ::1 - GET - /public/brand/localhost/search","level":"warn"}
{"message":"404 - ::1 - GET - /public/brand/localhost/search","level":"warn"}
{"message":"404 - ::1 - GET - /public/brand/localhost/search","level":"warn"}
{"message":"404 - ::1 - GET - /public/brand/localhost/search","level":"warn"}
{"message":"404 - ::1 - GET - /public/brand/localhost/search","level":"warn"}
{"message":"404 - ::1 - GET - /public/brand/localhost/search","level":"warn"}
{"message":"404 - ::1 - GET - /public/brand/localhost/search","level":"warn"}
{"message":"404 - ::1 - GET - /public/brand/localhost/search","level":"warn"}
{"message":"404 - ::1 - GET - /public/brand/localhost/search","level":"warn"}
{"message":"404 - ::1 - GET - /public/brand/localhost/search","level":"warn"}
{"message":"404 - ::1 - GET - /public/brand/localhost/search","level":"warn"}
{"message":"404 - ::1 - GET - /public/brand/localhost/search","level":"warn"}
{"message":"404 - ::1 - GET - /public/brand/localhost/search","level":"warn"}
{"message":"404 - ::1 - GET - //users/me%27","level":"warn"}
{"message":"404 - ::1 - GET - //users/me","level":"warn"}
{"message":"404 - ::1 - GET - /public/brand/localhost/search","level":"warn"}
{"message":"404 - ::1 - OPTIONS - /public/brand/localhost/search","level":"warn"}
{"message":"404 - ::1 - GET - /public/brand/localhost/search","level":"warn"}
{"message":"404 - ::1 - OPTIONS - /public/brand/localhost/search","level":"warn"}
{"message":"404 - ::1 - GET - /public/brand/localhost/search","level":"warn"}
{"message":"404 - ::1 - GET - /user","level":"warn"}
{"message":"404 - ::1 - GET - /user/1","level":"warn"}
{"message":"404 - ::1 - GET - /users","level":"warn"}
{"message":"404 - ::1 - GET - /login","level":"warn"}
{"message":"404 - ::1 - GET - /login","level":"warn"}
{"message":"404 - ::1 - GET - /auth/login","level":"warn"}
{"message":"404 - ::1 - GET - /auth/login","level":"warn"}
{"message":"404 - ::1 - GET - /auth/login","level":"warn"}
{"message":"404 - ::1 - GET - /login","level":"warn"}
{"message":"404 - ::1 - GET - /auth/users","level":"warn"}
{"message":"404 - ::1 - GET - /users","level":"warn"}
{"message":"404 - ::1 - GET - /auth/users","level":"warn"}
{"message":"404 - ::1 - GET - /auth/login","level":"warn"}
{"message":"404 - ::1 - GET - /auth/signup","level":"warn"}
{"message":"404 - ::1 - GET - /auth/login","level":"warn"}
{"message":"404 - ::1 - GET - /auth/login?email=hola&password=21323","level":"warn"}
{"message":"404 - ::1 - GET - /favicon.ico","level":"warn"}
{"message":"404 - ::1 - GET - /auth/login?email=hola&password=21323","level":"warn"}
{"message":"404 - ::1 - GET - /auth/login?email=hola&password=21323","level":"warn"}
{"message":"404 - ::1 - POST - /admin/products","level":"warn"}
{"message":"404 - ::1 - GET - /admin/carts/1","level":"warn"}
